2024-12-11 13:40:20,243:WARNING:D:\LIVE_APP\.venv\lib\site-packages\sklearn\base.py:318: UserWarning: Trying to unpickle estimator SimpleImputer from version 1.4.2 when using version 1.2.2. This might lead to breaking code or invalid results. Use at your own risk. For more info please refer to:
https://scikit-learn.org/stable/model_persistence.html#security-maintainability-limitations
  warnings.warn(

2024-12-11 13:40:20,244:WARNING:D:\LIVE_APP\.venv\lib\site-packages\sklearn\base.py:318: UserWarning: Trying to unpickle estimator ExtraTreeClassifier from version 1.4.2 when using version 1.2.2. This might lead to breaking code or invalid results. Use at your own risk. For more info please refer to:
https://scikit-learn.org/stable/model_persistence.html#security-maintainability-limitations
  warnings.warn(

2024-12-11 13:44:01,029:WARNING:D:\LIVE_APP\.venv\lib\site-packages\sklearn\base.py:318: UserWarning: Trying to unpickle estimator SimpleImputer from version 1.4.2 when using version 1.2.2. This might lead to breaking code or invalid results. Use at your own risk. For more info please refer to:
https://scikit-learn.org/stable/model_persistence.html#security-maintainability-limitations
  warnings.warn(

2024-12-11 13:44:01,032:WARNING:D:\LIVE_APP\.venv\lib\site-packages\sklearn\base.py:318: UserWarning: Trying to unpickle estimator ExtraTreeClassifier from version 1.4.2 when using version 1.2.2. This might lead to breaking code or invalid results. Use at your own risk. For more info please refer to:
https://scikit-learn.org/stable/model_persistence.html#security-maintainability-limitations
  warnings.warn(

2024-12-11 13:46:22,291:WARNING:D:\LIVE_APP\.venv\lib\site-packages\sklearn\base.py:318: UserWarning: Trying to unpickle estimator SimpleImputer from version 1.4.2 when using version 1.2.2. This might lead to breaking code or invalid results. Use at your own risk. For more info please refer to:
https://scikit-learn.org/stable/model_persistence.html#security-maintainability-limitations
  warnings.warn(

2024-12-11 13:46:22,291:WARNING:D:\LIVE_APP\.venv\lib\site-packages\sklearn\base.py:318: UserWarning: Trying to unpickle estimator ExtraTreeClassifier from version 1.4.2 when using version 1.2.2. This might lead to breaking code or invalid results. Use at your own risk. For more info please refer to:
https://scikit-learn.org/stable/model_persistence.html#security-maintainability-limitations
  warnings.warn(

2024-12-11 13:49:49,798:WARNING:D:\LIVE_APP\.venv\lib\site-packages\sklearn\base.py:318: UserWarning: Trying to unpickle estimator SimpleImputer from version 1.4.2 when using version 1.2.2. This might lead to breaking code or invalid results. Use at your own risk. For more info please refer to:
https://scikit-learn.org/stable/model_persistence.html#security-maintainability-limitations
  warnings.warn(

2024-12-11 13:49:49,798:WARNING:D:\LIVE_APP\.venv\lib\site-packages\sklearn\base.py:318: UserWarning: Trying to unpickle estimator ExtraTreeClassifier from version 1.4.2 when using version 1.2.2. This might lead to breaking code or invalid results. Use at your own risk. For more info please refer to:
https://scikit-learn.org/stable/model_persistence.html#security-maintainability-limitations
  warnings.warn(

2024-12-11 14:00:11,720:WARNING:D:\LIVE_APP\.venv\lib\site-packages\sklearn\base.py:318: UserWarning: Trying to unpickle estimator SimpleImputer from version 1.4.2 when using version 1.2.2. This might lead to breaking code or invalid results. Use at your own risk. For more info please refer to:
https://scikit-learn.org/stable/model_persistence.html#security-maintainability-limitations
  warnings.warn(

2024-12-11 14:00:11,720:WARNING:D:\LIVE_APP\.venv\lib\site-packages\sklearn\base.py:318: UserWarning: Trying to unpickle estimator ExtraTreeClassifier from version 1.4.2 when using version 1.2.2. This might lead to breaking code or invalid results. Use at your own risk. For more info please refer to:
https://scikit-learn.org/stable/model_persistence.html#security-maintainability-limitations
  warnings.warn(

2024-12-11 14:03:24,491:WARNING:D:\LIVE_APP\.venv\lib\site-packages\sklearn\base.py:318: UserWarning: Trying to unpickle estimator SimpleImputer from version 1.4.2 when using version 1.2.2. This might lead to breaking code or invalid results. Use at your own risk. For more info please refer to:
https://scikit-learn.org/stable/model_persistence.html#security-maintainability-limitations
  warnings.warn(

2024-12-11 14:03:24,491:WARNING:D:\LIVE_APP\.venv\lib\site-packages\sklearn\base.py:318: UserWarning: Trying to unpickle estimator ExtraTreeClassifier from version 1.4.2 when using version 1.2.2. This might lead to breaking code or invalid results. Use at your own risk. For more info please refer to:
https://scikit-learn.org/stable/model_persistence.html#security-maintainability-limitations
  warnings.warn(

2024-12-11 14:05:25,100:WARNING:D:\LIVE_APP\.venv\lib\site-packages\sklearn\base.py:318: UserWarning: Trying to unpickle estimator SimpleImputer from version 1.4.2 when using version 1.2.2. This might lead to breaking code or invalid results. Use at your own risk. For more info please refer to:
https://scikit-learn.org/stable/model_persistence.html#security-maintainability-limitations
  warnings.warn(

2024-12-11 14:05:25,101:WARNING:D:\LIVE_APP\.venv\lib\site-packages\sklearn\base.py:318: UserWarning: Trying to unpickle estimator ExtraTreeClassifier from version 1.4.2 when using version 1.2.2. This might lead to breaking code or invalid results. Use at your own risk. For more info please refer to:
https://scikit-learn.org/stable/model_persistence.html#security-maintainability-limitations
  warnings.warn(

2024-12-11 15:54:59,983:WARNING:D:\LIVE_APP2\.venv\lib\site-packages\pycaret\internal\pipeline.py:148: UserWarning: Version mismatch:
current: {'deps_info': {'pip': '23.2.1', 'setuptools': '68.2.0', 'pycaret': '3.3.2', 'IPython': '8.18.1', 'ipywidgets': '8.1.5', 'tqdm': '4.67.1', 'numpy': '1.23.5', 'pandas': '2.1.4', 'jinja2': '3.1.4', 'scipy': '1.11.4', 'joblib': '1.3.2', 'sklearn': '1.4.2', 'pyod': '2.0.2', 'imblearn': '0.12.4', 'category_encoders': '2.6.4', 'lightgbm': '4.5.0', 'numba': '0.60.0', 'requests': '2.32.3', 'matplotlib': '3.7.5', 'scikitplot': '0.3.7', 'yellowbrick': '1.5', 'plotly': '5.24.1', 'plotly-resampler': 'Not installed', 'kaleido': '0.2.1', 'schemdraw': '0.15', 'statsmodels': '0.14.4', 'sktime': '0.26.0', 'tbats': '1.1.3', 'pmdarima': '2.0.4', 'psutil': '6.1.0', 'markupsafe': '3.0.2', 'pickle5': 'Not installed', 'cloudpickle': '3.1.0', 'deprecation': '2.1.0', 'xxhash': '3.5.0', 'wurlitzer': 'Not installed'}, 'python': {'version': '3.9.13', 'machine': 'AMD64'}}
pickle: {'deps_info': {'pip': '24.1.2', 'setuptools': '75.1.0', 'pycaret': '3.3.2', 'IPython': '7.34.0', 'ipywidgets': '7.7.1', 'tqdm': '4.66.6', 'numpy': '1.26.4', 'pandas': '2.1.4', 'jinja2': '3.1.4', 'scipy': '1.11.4', 'joblib': '1.3.2', 'sklearn': '1.4.2', 'pyod': '2.0.2', 'imblearn': '0.12.4', 'category_encoders': '2.6.4', 'lightgbm': '4.5.0', 'numba': '0.60.0', 'requests': '2.32.3', 'matplotlib': '3.7.5', 'scikitplot': '0.3.7', 'yellowbrick': '1.5', 'plotly': '5.24.1', 'plotly-resampler': 'Not installed', 'kaleido': '0.4.1', 'schemdraw': '0.15', 'statsmodels': '0.14.4', 'sktime': '0.26.0', 'tbats': '1.1.3', 'pmdarima': '2.0.4', 'psutil': '5.9.5', 'markupsafe': '3.0.2', 'pickle5': 'Not installed', 'cloudpickle': '3.1.0', 'deprecation': '2.1.0', 'xxhash': '3.5.0', 'wurlitzer': '3.1.1'}, 'python': {'version': '3.10.12', 'machine': 'x86_64'}}
  warnings.warn(

2024-12-11 16:05:04,154:WARNING:D:\LIVE_APP2\Birads\birads.py:17: FutureWarning: You are using `torch.load` with `weights_only=False` (the current default value), which uses the default pickle module implicitly. It is possible to construct malicious pickle data which will execute arbitrary code during unpickling (See https://github.com/pytorch/pytorch/blob/main/SECURITY.md#untrusted-models for more details). In a future release, the default value for `weights_only` will be flipped to `True`. This limits the functions that could be executed during unpickling. Arbitrary objects will no longer be allowed to be loaded via this mode unless they are explicitly allowlisted by the user via `torch.serialization.add_safe_globals`. We recommend you start setting `weights_only=True` for any use case where you don't have full control of the loaded file. Please open an issue on GitHub for any issues related to this experimental feature.
  model.load_state_dict(torch.load(parameters["model_path"]))

2024-12-11 16:05:57,954:WARNING:D:\LIVE_APP2\.venv\lib\site-packages\pycaret\internal\pipeline.py:148: UserWarning: Version mismatch:
current: {'deps_info': {'pip': '23.2.1', 'setuptools': '68.2.0', 'pycaret': '3.3.2', 'IPython': '8.18.1', 'ipywidgets': '8.1.5', 'tqdm': '4.67.1', 'numpy': '1.23.5', 'pandas': '2.1.4', 'jinja2': '3.1.4', 'scipy': '1.11.4', 'joblib': '1.3.2', 'sklearn': '1.4.2', 'pyod': '2.0.2', 'imblearn': '0.12.4', 'category_encoders': '2.6.4', 'lightgbm': '4.5.0', 'numba': '0.60.0', 'requests': '2.32.3', 'matplotlib': '3.7.5', 'scikitplot': '0.3.7', 'yellowbrick': '1.5', 'plotly': '5.24.1', 'plotly-resampler': 'Not installed', 'kaleido': '0.2.1', 'schemdraw': '0.15', 'statsmodels': '0.14.4', 'sktime': '0.26.0', 'tbats': '1.1.3', 'pmdarima': '2.0.4', 'psutil': '6.1.0', 'markupsafe': '3.0.2', 'pickle5': 'Not installed', 'cloudpickle': '3.1.0', 'deprecation': '2.1.0', 'xxhash': '3.5.0', 'wurlitzer': 'Not installed'}, 'python': {'version': '3.9.13', 'machine': 'AMD64'}}
pickle: {'deps_info': {'pip': '24.1.2', 'setuptools': '75.1.0', 'pycaret': '3.3.2', 'IPython': '7.34.0', 'ipywidgets': '7.7.1', 'tqdm': '4.66.6', 'numpy': '1.26.4', 'pandas': '2.1.4', 'jinja2': '3.1.4', 'scipy': '1.11.4', 'joblib': '1.3.2', 'sklearn': '1.4.2', 'pyod': '2.0.2', 'imblearn': '0.12.4', 'category_encoders': '2.6.4', 'lightgbm': '4.5.0', 'numba': '0.60.0', 'requests': '2.32.3', 'matplotlib': '3.7.5', 'scikitplot': '0.3.7', 'yellowbrick': '1.5', 'plotly': '5.24.1', 'plotly-resampler': 'Not installed', 'kaleido': '0.4.1', 'schemdraw': '0.15', 'statsmodels': '0.14.4', 'sktime': '0.26.0', 'tbats': '1.1.3', 'pmdarima': '2.0.4', 'psutil': '5.9.5', 'markupsafe': '3.0.2', 'pickle5': 'Not installed', 'cloudpickle': '3.1.0', 'deprecation': '2.1.0', 'xxhash': '3.5.0', 'wurlitzer': '3.1.1'}, 'python': {'version': '3.10.12', 'machine': 'x86_64'}}
  warnings.warn(

2024-12-11 16:07:39,745:WARNING:D:\LIVE_APP2\.venv\lib\site-packages\sklearn\base.py:376: InconsistentVersionWarning: Trying to unpickle estimator DecisionTreeClassifier from version 1.5.2 when using version 1.4.2. This might lead to breaking code or invalid results. Use at your own risk. For more info please refer to:
https://scikit-learn.org/stable/model_persistence.html#security-maintainability-limitations
  warnings.warn(

2024-12-11 16:07:39,745:WARNING:D:\LIVE_APP2\.venv\lib\site-packages\sklearn\base.py:376: InconsistentVersionWarning: Trying to unpickle estimator RandomForestClassifier from version 1.5.2 when using version 1.4.2. This might lead to breaking code or invalid results. Use at your own risk. For more info please refer to:
https://scikit-learn.org/stable/model_persistence.html#security-maintainability-limitations
  warnings.warn(

2024-12-11 16:07:39,745:WARNING:D:\LIVE_APP2\.venv\lib\site-packages\sklearn\base.py:376: InconsistentVersionWarning: Trying to unpickle estimator GradientBoostingClassifier from version 1.5.2 when using version 1.4.2. This might lead to breaking code or invalid results. Use at your own risk. For more info please refer to:
https://scikit-learn.org/stable/model_persistence.html#security-maintainability-limitations
  warnings.warn(

2024-12-11 16:07:39,745:WARNING:D:\LIVE_APP2\.venv\lib\site-packages\sklearn\base.py:376: InconsistentVersionWarning: Trying to unpickle estimator LogisticRegression from version 1.5.2 when using version 1.4.2. This might lead to breaking code or invalid results. Use at your own risk. For more info please refer to:
https://scikit-learn.org/stable/model_persistence.html#security-maintainability-limitations
  warnings.warn(

2024-12-11 16:21:26,341:WARNING:D:\LIVE_APP2\.venv\lib\site-packages\pycaret\internal\pipeline.py:148: UserWarning: Version mismatch:
current: {'deps_info': {'pip': '23.2.1', 'setuptools': '68.2.0', 'pycaret': '3.3.2', 'IPython': '8.18.1', 'ipywidgets': '8.1.5', 'tqdm': '4.67.1', 'numpy': '1.23.5', 'pandas': '2.1.4', 'jinja2': '3.1.4', 'scipy': '1.11.4', 'joblib': '1.3.2', 'sklearn': '1.4.2', 'pyod': '2.0.2', 'imblearn': '0.12.4', 'category_encoders': '2.6.4', 'lightgbm': '4.5.0', 'numba': '0.60.0', 'requests': '2.32.3', 'matplotlib': '3.7.5', 'scikitplot': '0.3.7', 'yellowbrick': '1.5', 'plotly': '5.24.1', 'plotly-resampler': 'Not installed', 'kaleido': '0.2.1', 'schemdraw': '0.15', 'statsmodels': '0.14.4', 'sktime': '0.26.0', 'tbats': '1.1.3', 'pmdarima': '2.0.4', 'psutil': '6.1.0', 'markupsafe': '3.0.2', 'pickle5': 'Not installed', 'cloudpickle': '3.1.0', 'deprecation': '2.1.0', 'xxhash': '3.5.0', 'wurlitzer': 'Not installed'}, 'python': {'version': '3.9.13', 'machine': 'AMD64'}}
pickle: {'deps_info': {'pip': '24.1.2', 'setuptools': '75.1.0', 'pycaret': '3.3.2', 'IPython': '7.34.0', 'ipywidgets': '7.7.1', 'tqdm': '4.66.6', 'numpy': '1.26.4', 'pandas': '2.1.4', 'jinja2': '3.1.4', 'scipy': '1.11.4', 'joblib': '1.3.2', 'sklearn': '1.4.2', 'pyod': '2.0.2', 'imblearn': '0.12.4', 'category_encoders': '2.6.4', 'lightgbm': '4.5.0', 'numba': '0.60.0', 'requests': '2.32.3', 'matplotlib': '3.7.5', 'scikitplot': '0.3.7', 'yellowbrick': '1.5', 'plotly': '5.24.1', 'plotly-resampler': 'Not installed', 'kaleido': '0.4.1', 'schemdraw': '0.15', 'statsmodels': '0.14.4', 'sktime': '0.26.0', 'tbats': '1.1.3', 'pmdarima': '2.0.4', 'psutil': '5.9.5', 'markupsafe': '3.0.2', 'pickle5': 'Not installed', 'cloudpickle': '3.1.0', 'deprecation': '2.1.0', 'xxhash': '3.5.0', 'wurlitzer': '3.1.1'}, 'python': {'version': '3.10.12', 'machine': 'x86_64'}}
  warnings.warn(

2024-12-11 16:27:28,242:WARNING:D:\LIVE_APP2\.venv\lib\site-packages\pycaret\internal\pipeline.py:148: UserWarning: Version mismatch:
current: {'deps_info': {'pip': '23.2.1', 'setuptools': '68.2.0', 'pycaret': '3.3.2', 'IPython': '8.18.1', 'ipywidgets': '8.1.5', 'tqdm': '4.67.1', 'numpy': '1.23.5', 'pandas': '2.1.4', 'jinja2': '3.1.4', 'scipy': '1.11.4', 'joblib': '1.3.2', 'sklearn': '1.4.2', 'pyod': '2.0.2', 'imblearn': '0.12.4', 'category_encoders': '2.6.4', 'lightgbm': '4.5.0', 'numba': '0.60.0', 'requests': '2.32.3', 'matplotlib': '3.7.5', 'scikitplot': '0.3.7', 'yellowbrick': '1.5', 'plotly': '5.24.1', 'plotly-resampler': 'Not installed', 'kaleido': '0.2.1', 'schemdraw': '0.15', 'statsmodels': '0.14.4', 'sktime': '0.26.0', 'tbats': '1.1.3', 'pmdarima': '2.0.4', 'psutil': '6.1.0', 'markupsafe': '3.0.2', 'pickle5': 'Not installed', 'cloudpickle': '3.1.0', 'deprecation': '2.1.0', 'xxhash': '3.5.0', 'wurlitzer': 'Not installed'}, 'python': {'version': '3.9.13', 'machine': 'AMD64'}}
pickle: {'deps_info': {'pip': '24.1.2', 'setuptools': '75.1.0', 'pycaret': '3.3.2', 'IPython': '7.34.0', 'ipywidgets': '7.7.1', 'tqdm': '4.66.6', 'numpy': '1.26.4', 'pandas': '2.1.4', 'jinja2': '3.1.4', 'scipy': '1.11.4', 'joblib': '1.3.2', 'sklearn': '1.4.2', 'pyod': '2.0.2', 'imblearn': '0.12.4', 'category_encoders': '2.6.4', 'lightgbm': '4.5.0', 'numba': '0.60.0', 'requests': '2.32.3', 'matplotlib': '3.7.5', 'scikitplot': '0.3.7', 'yellowbrick': '1.5', 'plotly': '5.24.1', 'plotly-resampler': 'Not installed', 'kaleido': '0.4.1', 'schemdraw': '0.15', 'statsmodels': '0.14.4', 'sktime': '0.26.0', 'tbats': '1.1.3', 'pmdarima': '2.0.4', 'psutil': '5.9.5', 'markupsafe': '3.0.2', 'pickle5': 'Not installed', 'cloudpickle': '3.1.0', 'deprecation': '2.1.0', 'xxhash': '3.5.0', 'wurlitzer': '3.1.1'}, 'python': {'version': '3.10.12', 'machine': 'x86_64'}}
  warnings.warn(

2024-12-11 16:34:20,973:WARNING:D:\LIVE_APP2\.venv\lib\site-packages\pycaret\internal\pipeline.py:148: UserWarning: Version mismatch:
current: {'deps_info': {'pip': '23.2.1', 'setuptools': '68.2.0', 'pycaret': '3.3.2', 'IPython': '8.18.1', 'ipywidgets': '8.1.5', 'tqdm': '4.67.1', 'numpy': '1.23.5', 'pandas': '2.1.4', 'jinja2': '3.1.4', 'scipy': '1.11.4', 'joblib': '1.3.2', 'sklearn': '1.4.2', 'pyod': '2.0.2', 'imblearn': '0.12.4', 'category_encoders': '2.6.4', 'lightgbm': '4.5.0', 'numba': '0.60.0', 'requests': '2.32.3', 'matplotlib': '3.7.5', 'scikitplot': '0.3.7', 'yellowbrick': '1.5', 'plotly': '5.24.1', 'plotly-resampler': 'Not installed', 'kaleido': '0.2.1', 'schemdraw': '0.15', 'statsmodels': '0.14.4', 'sktime': '0.26.0', 'tbats': '1.1.3', 'pmdarima': '2.0.4', 'psutil': '6.1.0', 'markupsafe': '3.0.2', 'pickle5': 'Not installed', 'cloudpickle': '3.1.0', 'deprecation': '2.1.0', 'xxhash': '3.5.0', 'wurlitzer': 'Not installed'}, 'python': {'version': '3.9.13', 'machine': 'AMD64'}}
pickle: {'deps_info': {'pip': '24.1.2', 'setuptools': '75.1.0', 'pycaret': '3.3.2', 'IPython': '7.34.0', 'ipywidgets': '7.7.1', 'tqdm': '4.66.6', 'numpy': '1.26.4', 'pandas': '2.1.4', 'jinja2': '3.1.4', 'scipy': '1.11.4', 'joblib': '1.3.2', 'sklearn': '1.4.2', 'pyod': '2.0.2', 'imblearn': '0.12.4', 'category_encoders': '2.6.4', 'lightgbm': '4.5.0', 'numba': '0.60.0', 'requests': '2.32.3', 'matplotlib': '3.7.5', 'scikitplot': '0.3.7', 'yellowbrick': '1.5', 'plotly': '5.24.1', 'plotly-resampler': 'Not installed', 'kaleido': '0.4.1', 'schemdraw': '0.15', 'statsmodels': '0.14.4', 'sktime': '0.26.0', 'tbats': '1.1.3', 'pmdarima': '2.0.4', 'psutil': '5.9.5', 'markupsafe': '3.0.2', 'pickle5': 'Not installed', 'cloudpickle': '3.1.0', 'deprecation': '2.1.0', 'xxhash': '3.5.0', 'wurlitzer': '3.1.1'}, 'python': {'version': '3.10.12', 'machine': 'x86_64'}}
  warnings.warn(

2024-12-11 16:46:58,879:WARNING:D:\LIVE_APP2\.venv\lib\site-packages\sklearn\base.py:376: InconsistentVersionWarning: Trying to unpickle estimator DecisionTreeClassifier from version 1.5.2 when using version 1.4.2. This might lead to breaking code or invalid results. Use at your own risk. For more info please refer to:
https://scikit-learn.org/stable/model_persistence.html#security-maintainability-limitations
  warnings.warn(

2024-12-11 16:46:58,879:WARNING:D:\LIVE_APP2\.venv\lib\site-packages\sklearn\base.py:376: InconsistentVersionWarning: Trying to unpickle estimator RandomForestClassifier from version 1.5.2 when using version 1.4.2. This might lead to breaking code or invalid results. Use at your own risk. For more info please refer to:
https://scikit-learn.org/stable/model_persistence.html#security-maintainability-limitations
  warnings.warn(

2024-12-11 16:46:58,879:WARNING:D:\LIVE_APP2\.venv\lib\site-packages\sklearn\base.py:376: InconsistentVersionWarning: Trying to unpickle estimator GradientBoostingClassifier from version 1.5.2 when using version 1.4.2. This might lead to breaking code or invalid results. Use at your own risk. For more info please refer to:
https://scikit-learn.org/stable/model_persistence.html#security-maintainability-limitations
  warnings.warn(

2024-12-11 16:46:58,879:WARNING:D:\LIVE_APP2\.venv\lib\site-packages\sklearn\base.py:376: InconsistentVersionWarning: Trying to unpickle estimator LogisticRegression from version 1.5.2 when using version 1.4.2. This might lead to breaking code or invalid results. Use at your own risk. For more info please refer to:
https://scikit-learn.org/stable/model_persistence.html#security-maintainability-limitations
  warnings.warn(

2024-12-11 16:47:04,653:WARNING:D:\LIVE_APP2\.venv\lib\site-packages\sklearn\base.py:376: InconsistentVersionWarning: Trying to unpickle estimator LabelEncoder from version 1.5.2 when using version 1.4.2. This might lead to breaking code or invalid results. Use at your own risk. For more info please refer to:
https://scikit-learn.org/stable/model_persistence.html#security-maintainability-limitations
  warnings.warn(

2024-12-11 16:47:28,469:WARNING:D:\LIVE_APP2\model3_app.py:54: FutureWarning: You are using `torch.load` with `weights_only=False` (the current default value), which uses the default pickle module implicitly. It is possible to construct malicious pickle data which will execute arbitrary code during unpickling (See https://github.com/pytorch/pytorch/blob/main/SECURITY.md#untrusted-models for more details). In a future release, the default value for `weights_only` will be flipped to `True`. This limits the functions that could be executed during unpickling. Arbitrary objects will no longer be allowed to be loaded via this mode unless they are explicitly allowlisted by the user via `torch.serialization.add_safe_globals`. We recommend you start setting `weights_only=True` for any use case where you don't have full control of the loaded file. Please open an issue on GitHub for any issues related to this experimental feature.
  model.load_state_dict(torch.load(MODEL_WEIGHTS, map_location="cpu"))

2024-12-11 17:20:53,999:WARNING:D:\LIVE_APP2\.venv\lib\site-packages\pycaret\internal\pipeline.py:148: UserWarning: Version mismatch:
current: {'deps_info': {'pip': '23.2.1', 'setuptools': '68.2.0', 'pycaret': '3.3.2', 'IPython': '8.18.1', 'ipywidgets': '8.1.5', 'tqdm': '4.67.1', 'numpy': '1.23.5', 'pandas': '2.1.4', 'jinja2': '3.1.4', 'scipy': '1.11.4', 'joblib': '1.3.2', 'sklearn': '1.4.2', 'pyod': '2.0.2', 'imblearn': '0.12.4', 'category_encoders': '2.6.4', 'lightgbm': '4.5.0', 'numba': '0.60.0', 'requests': '2.32.3', 'matplotlib': '3.7.5', 'scikitplot': '0.3.7', 'yellowbrick': '1.5', 'plotly': '5.24.1', 'plotly-resampler': 'Not installed', 'kaleido': '0.2.1', 'schemdraw': '0.15', 'statsmodels': '0.14.4', 'sktime': '0.26.0', 'tbats': '1.1.3', 'pmdarima': '2.0.4', 'psutil': '6.1.0', 'markupsafe': '3.0.2', 'pickle5': 'Not installed', 'cloudpickle': '3.1.0', 'deprecation': '2.1.0', 'xxhash': '3.5.0', 'wurlitzer': 'Not installed'}, 'python': {'version': '3.9.13', 'machine': 'AMD64'}}
pickle: {'deps_info': {'pip': '24.1.2', 'setuptools': '75.1.0', 'pycaret': '3.3.2', 'IPython': '7.34.0', 'ipywidgets': '7.7.1', 'tqdm': '4.66.6', 'numpy': '1.26.4', 'pandas': '2.1.4', 'jinja2': '3.1.4', 'scipy': '1.11.4', 'joblib': '1.3.2', 'sklearn': '1.4.2', 'pyod': '2.0.2', 'imblearn': '0.12.4', 'category_encoders': '2.6.4', 'lightgbm': '4.5.0', 'numba': '0.60.0', 'requests': '2.32.3', 'matplotlib': '3.7.5', 'scikitplot': '0.3.7', 'yellowbrick': '1.5', 'plotly': '5.24.1', 'plotly-resampler': 'Not installed', 'kaleido': '0.4.1', 'schemdraw': '0.15', 'statsmodels': '0.14.4', 'sktime': '0.26.0', 'tbats': '1.1.3', 'pmdarima': '2.0.4', 'psutil': '5.9.5', 'markupsafe': '3.0.2', 'pickle5': 'Not installed', 'cloudpickle': '3.1.0', 'deprecation': '2.1.0', 'xxhash': '3.5.0', 'wurlitzer': '3.1.1'}, 'python': {'version': '3.10.12', 'machine': 'x86_64'}}
  warnings.warn(

